app/build/outputs/logs/manifest-merger-debug-report.txt
-- Merging decision tree log ---
manifest
ADDED from src\main\AndroidManifest.xml:2:1-28:12
INJECTED from src\main\AndroidManifest.xml:2:1-28:12
INJECTED from src\main\AndroidManifest.xml:2:1-28:12
INJECTED from src\main\AndroidManifest.xml:2:1-28:12
INJECTED from src\main\AndroidManifest.xml:2:1-28:12
INJECTED from src\main\AndroidManifest.xml:2:1-28:12
INJECTED from src\main\AndroidManifest.xml:2:1-28:12
	package
		ADDED from src\main\AndroidManifest.xml:4:33-55
		INJECTED from src\main\AndroidManifest.xml
		INJECTED from src\main\AndroidManifest.xml
	android:versionName
		ADDED from src\main\AndroidManifest.xml:4:7-32
		INJECTED from src\main\AndroidManifest.xml
		INJECTED from src\main\AndroidManifest.xml
	xmlns:android
		ADDED from src\main\AndroidManifest.xml:2:11-69
	android:versionCode
		ADDED from src\main\AndroidManifest.xml:3:7-30
		INJECTED from src\main\AndroidManifest.xml
		INJECTED from src\main\AndroidManifest.xml
application
ADDED from src\main\AndroidManifest.xml:5:5-24:19
	android:label
		ADDED from src\main\AndroidManifest.xml:8:6-38
	android:icon
		ADDED from src\main\AndroidManifest.xml:7:6-35
	android:name
		ADDED from src\main\AndroidManifest.xml:6:6-32
activity#com.StarWars.StartGame
ADDED from src\main\AndroidManifest.xml:9:9-16:20
	android:screenOrientation
		ADDED from src\main\AndroidManifest.xml:11:19-55
	android:label
		ADDED from src\main\AndroidManifest.xml:10:19-51
	android:name
		ADDED from src\main\AndroidManifest.xml:9:19-44
intent-filter#android.intent.action.MAIN+android.intent.category.LAUNCHER
ADDED from src\main\AndroidManifest.xml:12:13-15:29
action#android.intent.action.MAIN
ADDED from src\main\AndroidManifest.xml:13:17-69
	android:name
		ADDED from src\main\AndroidManifest.xml:13:25-66
category#android.intent.category.LAUNCHER
ADDED from src\main\AndroidManifest.xml:14:17-77
	android:name
		ADDED from src\main\AndroidManifest.xml:14:27-74
activity#com.StarWars.MainActivity
ADDED from src\main\AndroidManifest.xml:18:9-19:57
	android:screenOrientation
		ADDED from src\main\AndroidManifest.xml:19:19-55
	android:name
		ADDED from src\main\AndroidManifest.xml:18:19-47
activity#com.StarWars.Options
ADDED from src\main\AndroidManifest.xml:20:9-21:57
	android:screenOrientation
		ADDED from src\main\AndroidManifest.xml:21:19-55
	android:name
		ADDED from src\main\AndroidManifest.xml:20:19-42
activity#com.StarWars.Help
ADDED from src\main\AndroidManifest.xml:22:9-23:57
	android:screenOrientation
		ADDED from src\main\AndroidManifest.xml:23:19-55
	android:name
		ADDED from src\main\AndroidManifest.xml:22:19-39
uses-sdk
ADDED from src\main\AndroidManifest.xml:26:5-43
INJECTED from src\main\AndroidManifest.xml:26:5-43
INJECTED from src\main\AndroidManifest.xml:26:5-43
INJECTED from src\main\AndroidManifest.xml:26:5-43
INJECTED from src\main\AndroidManifest.xml:26:5-43
	android:targetSdkVersion
		INJECTED from src\main\AndroidManifest.xml
		ADDED from src\main\AndroidManifest.xml:26:5-43
		INJECTED from src\main\AndroidManifest.xml
	android:minSdkVersion
		ADDED from src\main\AndroidManifest.xml:26:15-40
		INJECTED from src\main\AndroidManifest.xml
		INJECTED from src\main\AndroidManifest.xml
uses-permission#android.permission.VIBRATE
ADDED from src\main\AndroidManifest.xml:27:2-62
	android:name
		ADDED from src\main\AndroidManifest.xml:27:19-60